eRenderType:WholeTable
eRenderType:WholeTable
eRenderType:WholeTable
   RenderFirstAndSecondCell
eRenderType:Swaping
   RenderFirstAndSecondCell
eRenderType:Swaping
   RenderFirstAndSecondCell
eRenderType:Swaping
   RenderFirstAndSecondCell
eRenderType:Swaping
   RenderFirstAndSecondCell
eRenderType:Swaping
   RenderFirstAndSecondCell
eRenderType:Swaping
   RenderFirstAndSecondCell
eRenderType:Swaping
   RenderFirstAndSecondCell
eRenderType:Swaping
   RenderFirstAndSecondCell
eRenderType:Swaping
   RenderFirstAndSecondCell
eRenderType:Swaping
   RenderFirstAndSecondCell
eRenderType:Swaping
   RenderFirstAndSecondCell
eRenderType:Swaping
   RenderFirstAndSecondCell
eRenderType:Swaping
   RenderFirstAndSecondCell
eRenderType:Swaping
   SwapCellValue
   Has finished moving
                 Removed cell x:3 y:2
eRenderType:WholeTable
                 Removed cell x:3 y:1
eRenderType:WholeTable
                 Removed cell x:3 y:3
eRenderType:WholeTable
                 Removed cell x:3 y:5
eRenderType:WholeTable
                 Removed cell x:3 y:6
eRenderType:WholeTable
                 Removed cell x:3 y:4
eRenderType:WholeTable
eRenderType:Falling
eRenderType:Falling
eRenderType:Falling
eRenderType:Falling
eRenderType:Falling
eRenderType:Falling
eRenderType:Falling
eRenderType:Falling
eRenderType:Falling
eRenderType:Falling
eRenderType:Falling
eRenderType:Falling
eRenderType:Falling
eRenderType:Falling
eRenderType:Falling
eRenderType:Falling
eRenderType:Falling
eRenderType:Falling
eRenderType:Falling
eRenderType:Falling
eRenderType:Falling
eRenderType:Falling
eRenderType:Falling
eRenderType:Falling
eRenderType:Falling
eRenderType:Falling
eRenderType:Falling
eRenderType:Falling
eRenderType:Falling
eRenderType:Falling
eRenderType:Falling
eRenderType:Falling
eRenderType:Falling
eRenderType:Falling
eRenderType:Falling
eRenderType:Falling
eRenderType:Falling
eRenderType:Falling
eRenderType:Falling
eRenderType:Falling
eRenderType:Falling
eRenderType:Falling
eRenderType:Falling
eRenderType:Falling
eRenderType:Falling
eRenderType:Falling
eRenderType:Falling
eRenderType:Falling
eRenderType:Falling
eRenderType:Falling
eRenderType:Falling
eRenderType:Falling
eRenderType:Falling
eRenderType:Falling
eRenderType:Falling
eRenderType:Falling
eRenderType:Falling
eRenderType:Falling
eRenderType:Falling
eRenderType:Falling
eRenderType:Raining
eRenderType:Raining
eRenderType:Raining
eRenderType:Raining
eRenderType:Raining
eRenderType:Raining
eRenderType:Raining
eRenderType:Raining
eRenderType:Raining
eRenderType:Raining
eRenderType:Raining
eRenderType:Raining
eRenderType:Raining
eRenderType:Raining
eRenderType:Raining
eRenderType:Raining
eRenderType:Raining
eRenderType:Raining
eRenderType:Raining
eRenderType:Raining
eRenderType:Raining
eRenderType:Raining
eRenderType:Raining
eRenderType:Raining
eRenderType:Raining
eRenderType:Raining
eRenderType:Raining
eRenderType:Raining
eRenderType:Raining
eRenderType:Raining
eRenderType:Raining
eRenderType:Raining
eRenderType:Raining
eRenderType:WholeTable
eRenderType:WholeTable
eRenderType:WholeTable
eRenderType:WholeTable
   RenderFirstAndSecondCell
eRenderType:Swaping
   RenderFirstAndSecondCell
eRenderType:Swaping
   RenderFirstAndSecondCell
eRenderType:Swaping
   RenderFirstAndSecondCell
eRenderType:Swaping
   RenderFirstAndSecondCell
eRenderType:Swaping
   RenderFirstAndSecondCell
eRenderType:Swaping
   RenderFirstAndSecondCell
eRenderType:Swaping
   RenderFirstAndSecondCell
eRenderType:Swaping
   RenderFirstAndSecondCell
eRenderType:Swaping
   RenderFirstAndSecondCell
eRenderType:Swaping
   RenderFirstAndSecondCell
eRenderType:Swaping
   RenderFirstAndSecondCell
eRenderType:Swaping
   RenderFirstAndSecondCell
eRenderType:Swaping
   RenderFirstAndSecondCell
eRenderType:Swaping
   SwapCellValue
   Has finished moving
                 Removed cell x:6 y:3
eRenderType:WholeTable
                 Removed cell x:5 y:3
eRenderType:WholeTable
                 Removed cell x:7 y:3
eRenderType:WholeTable
eRenderType:Falling
eRenderType:Falling
eRenderType:Falling
eRenderType:Falling
eRenderType:Falling
eRenderType:Falling
eRenderType:Falling
eRenderType:Falling
eRenderType:Falling
eRenderType:Falling
eRenderType:Raining
eRenderType:Raining
eRenderType:Raining
eRenderType:Raining
eRenderType:Raining
eRenderType:Raining
eRenderType:Raining
eRenderType:Raining
eRenderType:Raining
eRenderType:WholeTable
                 Removed cell x:5 y:2
eRenderType:WholeTable
                 Removed cell x:5 y:3
eRenderType:WholeTable
                 Removed cell x:5 y:4
eRenderType:WholeTable
eRenderType:Falling
eRenderType:Falling
eRenderType:Falling
eRenderType:Falling
eRenderType:Falling
eRenderType:Falling
eRenderType:Falling
eRenderType:Falling
eRenderType:Falling
eRenderType:Falling
eRenderType:Falling
eRenderType:Falling
eRenderType:Falling
eRenderType:Falling
eRenderType:Falling
eRenderType:Falling
eRenderType:Falling
eRenderType:Falling
eRenderType:Falling
eRenderType:Falling
eRenderType:Falling
eRenderType:Falling
eRenderType:Falling
eRenderType:Falling
eRenderType:Falling
eRenderType:Falling
eRenderType:Falling
eRenderType:Falling
eRenderType:Falling
eRenderType:Falling
eRenderType:Raining
eRenderType:Raining
eRenderType:Raining
eRenderType:Raining
eRenderType:Raining
eRenderType:Raining
eRenderType:Raining
eRenderType:Raining
eRenderType:Raining
eRenderType:Raining
eRenderType:Raining
eRenderType:Raining
eRenderType:Raining
eRenderType:Raining
eRenderType:Raining
eRenderType:Raining
eRenderType:Raining
eRenderType:Raining
eRenderType:Raining
eRenderType:WholeTable
eRenderType:WholeTable
eRenderType:WholeTable
   RenderFirstAndSecondCell
eRenderType:Swaping
   RenderFirstAndSecondCell
eRenderType:Swaping
   RenderFirstAndSecondCell
eRenderType:Swaping
   RenderFirstAndSecondCell
eRenderType:Swaping
   RenderFirstAndSecondCell
eRenderType:Swaping
   RenderFirstAndSecondCell
eRenderType:Swaping
   RenderFirstAndSecondCell
eRenderType:Swaping
   RenderFirstAndSecondCell
eRenderType:Swaping
   RenderFirstAndSecondCell
eRenderType:Swaping
   RenderFirstAndSecondCell
eRenderType:Swaping
   RenderFirstAndSecondCell
eRenderType:Swaping
   RenderFirstAndSecondCell
eRenderType:Swaping
   RenderFirstAndSecondCell
eRenderType:Swaping
   RenderFirstAndSecondCell
eRenderType:Swaping
   SwapCellValue
   Has finished moving
                 Removed cell x:8 y:3
eRenderType:WholeTable
                 Removed cell x:8 y:4
eRenderType:WholeTable
                 Removed cell x:8 y:1
eRenderType:WholeTable
                 Removed cell x:8 y:2
eRenderType:WholeTable
eRenderType:Falling
eRenderType:Falling
eRenderType:Falling
eRenderType:Falling
eRenderType:Falling
eRenderType:Falling
eRenderType:Falling
eRenderType:Falling
eRenderType:Falling
eRenderType:Falling
eRenderType:Falling
eRenderType:Falling
eRenderType:Falling
eRenderType:Falling
eRenderType:Falling
eRenderType:Falling
eRenderType:Falling
eRenderType:Falling
eRenderType:Falling
eRenderType:Falling
eRenderType:Falling
eRenderType:Falling
eRenderType:Falling
eRenderType:Falling
eRenderType:Falling
eRenderType:Falling
eRenderType:Falling
eRenderType:Falling
eRenderType:Falling
eRenderType:Falling
eRenderType:Falling
eRenderType:Falling
eRenderType:Falling
eRenderType:Falling
eRenderType:Falling
eRenderType:Falling
eRenderType:Falling
eRenderType:Falling
eRenderType:Falling
eRenderType:Falling
eRenderType:Raining
eRenderType:Raining
eRenderType:Raining
eRenderType:Raining
eRenderType:Raining
eRenderType:Raining
eRenderType:Raining
eRenderType:Raining
eRenderType:Raining
eRenderType:Raining
eRenderType:Raining
eRenderType:Raining
eRenderType:Raining
eRenderType:Raining
eRenderType:Raining
eRenderType:Raining
eRenderType:Raining
eRenderType:Raining
eRenderType:Raining
eRenderType:Raining
eRenderType:Raining
eRenderType:Raining
eRenderType:Raining
eRenderType:Raining
eRenderType:WholeTable
                 Removed cell x:8 y:3
eRenderType:WholeTable
                 Removed cell x:8 y:4
eRenderType:WholeTable
                 Removed cell x:8 y:5
eRenderType:WholeTable
eRenderType:Falling
eRenderType:Falling
eRenderType:Falling
eRenderType:Falling
eRenderType:Falling
eRenderType:Falling
eRenderType:Falling
eRenderType:Falling
eRenderType:Falling
eRenderType:Falling
eRenderType:Falling
eRenderType:Falling
eRenderType:Falling
eRenderType:Falling
eRenderType:Falling
eRenderType:Falling
eRenderType:Falling
eRenderType:Falling
eRenderType:Falling
eRenderType:Falling
eRenderType:Falling
eRenderType:Falling
eRenderType:Falling
eRenderType:Falling
eRenderType:Falling
eRenderType:Falling
eRenderType:Falling
eRenderType:Falling
eRenderType:Falling
eRenderType:Falling
eRenderType:Raining
eRenderType:Raining
eRenderType:Raining
eRenderType:Raining
eRenderType:Raining
eRenderType:Raining
eRenderType:Raining
eRenderType:Raining
eRenderType:Raining
eRenderType:Raining
eRenderType:Raining
eRenderType:Raining
eRenderType:Raining
eRenderType:Raining
eRenderType:Raining
eRenderType:Raining
eRenderType:Raining
eRenderType:Raining
eRenderType:Raining
eRenderType:WholeTable
                 Removed cell x:6 y:0
eRenderType:WholeTable
                 Removed cell x:7 y:0
eRenderType:WholeTable
                 Removed cell x:8 y:0
eRenderType:WholeTable
eRenderType:Raining
eRenderType:Raining
eRenderType:Raining
eRenderType:Raining
eRenderType:Raining
eRenderType:Raining
eRenderType:Raining
eRenderType:Raining
eRenderType:Raining
eRenderType:WholeTable
eRenderType:WholeTable
eRenderType:WholeTable
   RenderFirstAndSecondCell
eRenderType:Swaping
   RenderFirstAndSecondCell
eRenderType:Swaping
   RenderFirstAndSecondCell
eRenderType:Swaping
   RenderFirstAndSecondCell
eRenderType:Swaping
   RenderFirstAndSecondCell
eRenderType:Swaping
   RenderFirstAndSecondCell
eRenderType:Swaping
   RenderFirstAndSecondCell
eRenderType:Swaping
   RenderFirstAndSecondCell
eRenderType:Swaping
   RenderFirstAndSecondCell
eRenderType:Swaping
   RenderFirstAndSecondCell
eRenderType:Swaping
   RenderFirstAndSecondCell
eRenderType:Swaping
   RenderFirstAndSecondCell
eRenderType:Swaping
   RenderFirstAndSecondCell
eRenderType:Swaping
   RenderFirstAndSecondCell
eRenderType:Swaping
   SwapCellValue
   Has finished moving
                 Removed cell x:5 y:2
eRenderType:WholeTable
                 Removed cell x:5 y:3
eRenderType:WholeTable
                 Removed cell x:5 y:1
eRenderType:WholeTable
eRenderType:Falling
eRenderType:Falling
eRenderType:Falling
eRenderType:Falling
eRenderType:Falling
eRenderType:Falling
eRenderType:Falling
eRenderType:Falling
eRenderType:Falling
eRenderType:Falling
eRenderType:Falling
eRenderType:Falling
eRenderType:Falling
eRenderType:Falling
eRenderType:Falling
eRenderType:Falling
eRenderType:Falling
eRenderType:Falling
eRenderType:Falling
eRenderType:Falling
eRenderType:Falling
eRenderType:Falling
eRenderType:Falling
eRenderType:Falling
eRenderType:Falling
eRenderType:Falling
eRenderType:Falling
eRenderType:Falling
eRenderType:Falling
eRenderType:Falling
eRenderType:Raining
eRenderType:Raining
eRenderType:Raining
eRenderType:Raining
eRenderType:Raining
eRenderType:Raining
eRenderType:Raining
eRenderType:Raining
eRenderType:Raining
eRenderType:Raining
eRenderType:Raining
eRenderType:Raining
eRenderType:Raining
eRenderType:Raining
eRenderType:Raining
eRenderType:Raining
eRenderType:Raining
eRenderType:Raining
eRenderType:Raining
eRenderType:WholeTable
                 Removed cell x:3 y:3
eRenderType:WholeTable
                 Removed cell x:4 y:3
eRenderType:WholeTable
                 Removed cell x:5 y:3
eRenderType:WholeTable
eRenderType:Falling
eRenderType:Falling
eRenderType:Falling
eRenderType:Falling
eRenderType:Falling
eRenderType:Falling
eRenderType:Falling
eRenderType:Falling
eRenderType:Falling
eRenderType:Falling
eRenderType:Raining
eRenderType:Raining
eRenderType:Raining
eRenderType:Raining
eRenderType:Raining
eRenderType:Raining
eRenderType:Raining
eRenderType:Raining
eRenderType:Raining
eRenderType:WholeTable
